<?xml version="1.0" encoding="UTF-8"?>
<!-- Generated by org.testng.reporters.JUnitReportReporter -->
<testsuite hostname="ANYA-EM780" failures="0" tests="1" name="jayslabs.roche.tafdemo.test.StandAloneTest" time="2.086" errors="0" timestamp="2024-10-31T19:37:17 EDT" skipped="0">
  <testcase classname="jayslabs.roche.tafdemo.test.StandAloneTest" name="launchHomePage" time="2.086"/>
</testsuite> <!-- jayslabs.roche.tafdemo.test.StandAloneTest -->
